

*******************************************************************************
Wed Jun 20 15:51:13 2012


FIT:    data read from "quest22.dat" u 1:2
        format = x:z
        #datapoints = 1000
        residuals are weighted equally (unit weight)

function used for fitting: f(x)
fitted parameters initialized with current variable values



*******************************************************************************
Wed Jun 20 15:53:35 2012


FIT:    data read from "quest22.dat" u 3:4
        format = x:z
        #datapoints = 1000
        residuals are weighted equally (unit weight)

function used for fitting: f(x)
fitted parameters initialized with current variable values



 Iteration 0
 WSSR        : 9281.78           delta(WSSR)/WSSR   : 0
 delta(WSSR) : 0                 limit for stopping : 1e-05
 lambda	  : 5.99671

initial set of free parameter values

a               = 1

After 3 iterations the fit converged.
final sum of squares of residuals : 21.5442
rel. change during last iteration : -4.63379e-14

degrees of freedom    (FIT_NDF)                        : 999
rms of residuals      (FIT_STDFIT) = sqrt(WSSR/ndf)    : 0.146853
variance of residuals (reduced chisquare) = WSSR/ndf   : 0.0215657

Final set of parameters            Asymptotic Standard Error
=======================            ==========================

a               = 0.492545         +/- 0.0007744    (0.1572%)


correlation matrix of the fit parameters:

               a      
a               1.000 


*******************************************************************************
Wed Jun 20 15:53:56 2012


FIT:    data read from "quest22.dat" u 3:4
        format = x:z
        #datapoints = 1000
        residuals are weighted equally (unit weight)

function used for fitting: f(x)
fitted parameters initialized with current variable values



 Iteration 0
 WSSR        : 9281.78           delta(WSSR)/WSSR   : 0
 delta(WSSR) : 0                 limit for stopping : 1e-05
 lambda	  : 4.24037

initial set of free parameter values

a               = 1
b               = 1e-30

After 3 iterations the fit converged.
final sum of squares of residuals : 16.9636
rel. change during last iteration : -7.66096e-06

degrees of freedom    (FIT_NDF)                        : 998
rms of residuals      (FIT_STDFIT) = sqrt(WSSR/ndf)    : 0.130375
variance of residuals (reduced chisquare) = WSSR/ndf   : 0.0169976

Final set of parameters            Asymptotic Standard Error
=======================            ==========================

a               = 0.431738         +/- 0.003767     (0.8726%)
b               = 0.370864         +/- 0.02259      (6.092%)


correlation matrix of the fit parameters:

               a      b      
a               1.000 
b              -0.983  1.000 


*******************************************************************************
Wed Jun 20 15:56:55 2012


FIT:    data read from "quest22.dat" u 3:4
        format = x:z
        #datapoints = 999
        residuals are weighted equally (unit weight)

function used for fitting: f(x)
fitted parameters initialized with current variable values



 Iteration 0
 WSSR        : 9197.01           delta(WSSR)/WSSR   : 0
 delta(WSSR) : 0                 limit for stopping : 1e-05
 lambda	  : 4.23749

initial set of free parameter values

a               = 1
b               = 1e-30

After 3 iterations the fit converged.
final sum of squares of residuals : 0.911744
rel. change during last iteration : -6.84885e-07

degrees of freedom    (FIT_NDF)                        : 997
rms of residuals      (FIT_STDFIT) = sqrt(WSSR/ndf)    : 0.0302405
variance of residuals (reduced chisquare) = WSSR/ndf   : 0.000914487

Final set of parameters            Asymptotic Standard Error
=======================            ==========================

a               = 0.487944         +/- 0.0009714    (0.1991%)
b               = 0.0350174        +/- 0.005821     (16.62%)


correlation matrix of the fit parameters:

               a      b      
a               1.000 
b              -0.986  1.000 


*******************************************************************************
Wed Jun 20 16:01:08 2012


FIT:    data read from "quest22.dat" u 3:4
        format = x:z
        #datapoints = 999
        residuals are weighted equally (unit weight)

function used for fitting: f(x)
fitted parameters initialized with current variable values



 Iteration 0
 WSSR        : 9197.01           delta(WSSR)/WSSR   : 0
 delta(WSSR) : 0                 limit for stopping : 1e-05
 lambda	  : 4.23749

initial set of free parameter values

a               = 1
b               = 1e-30

After 3 iterations the fit converged.
final sum of squares of residuals : 0.911744
rel. change during last iteration : -6.84885e-07

degrees of freedom    (FIT_NDF)                        : 997
rms of residuals      (FIT_STDFIT) = sqrt(WSSR/ndf)    : 0.0302405
variance of residuals (reduced chisquare) = WSSR/ndf   : 0.000914487

Final set of parameters            Asymptotic Standard Error
=======================            ==========================

a               = 0.487944         +/- 0.0009714    (0.1991%)
b               = 0.0350174        +/- 0.005821     (16.62%)


correlation matrix of the fit parameters:

               a      b      
a               1.000 
b              -0.986  1.000 


*******************************************************************************
Wed Jun 20 16:04:28 2012


FIT:    data read from "quest22.dat" u 3:4
        format = x:z
        #datapoints = 999
        residuals are weighted equally (unit weight)

function used for fitting: f(x)
fitted parameters initialized with current variable values



 Iteration 0
 WSSR        : 9197.01           delta(WSSR)/WSSR   : 0
 delta(WSSR) : 0                 limit for stopping : 1e-05
 lambda	  : 4.23749

initial set of free parameter values

a               = 1
b               = 1e-30

After 3 iterations the fit converged.
final sum of squares of residuals : 0.911744
rel. change during last iteration : -6.84885e-07

degrees of freedom    (FIT_NDF)                        : 997
rms of residuals      (FIT_STDFIT) = sqrt(WSSR/ndf)    : 0.0302405
variance of residuals (reduced chisquare) = WSSR/ndf   : 0.000914487

Final set of parameters            Asymptotic Standard Error
=======================            ==========================

a               = 0.487944         +/- 0.0009714    (0.1991%)
b               = 0.0350174        +/- 0.005821     (16.62%)


correlation matrix of the fit parameters:

               a      b      
a               1.000 
b              -0.986  1.000 


*******************************************************************************
Wed Jun 20 16:05:04 2012


FIT:    data read from "quest22.dat" u 3:4
        format = x:z
        #datapoints = 999
        residuals are weighted equally (unit weight)

function used for fitting: f(x)
fitted parameters initialized with current variable values



 Iteration 0
 WSSR        : 9197.01           delta(WSSR)/WSSR   : 0
 delta(WSSR) : 0                 limit for stopping : 1e-05
 lambda	  : 4.23749

initial set of free parameter values

a               = 1
b               = 1e-30

After 3 iterations the fit converged.
final sum of squares of residuals : 0.911744
rel. change during last iteration : -6.84885e-07

degrees of freedom    (FIT_NDF)                        : 997
rms of residuals      (FIT_STDFIT) = sqrt(WSSR/ndf)    : 0.0302405
variance of residuals (reduced chisquare) = WSSR/ndf   : 0.000914487

Final set of parameters            Asymptotic Standard Error
=======================            ==========================

a               = 0.487944         +/- 0.0009714    (0.1991%)
b               = 0.0350174        +/- 0.005821     (16.62%)


correlation matrix of the fit parameters:

               a      b      
a               1.000 
b              -0.986  1.000 


*******************************************************************************
Wed Jun 20 16:05:21 2012


FIT:    data read from "quest22.dat" u 3:4
        format = x:z
        #datapoints = 999
        residuals are weighted equally (unit weight)

function used for fitting: f(x)
fitted parameters initialized with current variable values



 Iteration 0
 WSSR        : 9197.01           delta(WSSR)/WSSR   : 0
 delta(WSSR) : 0                 limit for stopping : 1e-05
 lambda	  : 4.23749

initial set of free parameter values

a               = 1
b               = 1e-30

After 3 iterations the fit converged.
final sum of squares of residuals : 0.911744
rel. change during last iteration : -6.84885e-07

degrees of freedom    (FIT_NDF)                        : 997
rms of residuals      (FIT_STDFIT) = sqrt(WSSR/ndf)    : 0.0302405
variance of residuals (reduced chisquare) = WSSR/ndf   : 0.000914487

Final set of parameters            Asymptotic Standard Error
=======================            ==========================

a               = 0.487944         +/- 0.0009714    (0.1991%)
b               = 0.0350174        +/- 0.005821     (16.62%)


correlation matrix of the fit parameters:

               a      b      
a               1.000 
b              -0.986  1.000 
